<?xml version="1.0" encoding="UTF-8"?>
<testng-results ignored="0" total="1" passed="1" failed="0" skipped="0">
  <reporter-output>
  </reporter-output>
  <suite started-at="2026-03-05T21:32:12 IST" name="Default suite" finished-at="2026-03-05T21:33:13 IST" duration-ms="61313">
    <groups>
    </groups>
    <test started-at="2026-03-05T21:32:12 IST" name="Default test" finished-at="2026-03-05T21:33:13 IST" duration-ms="61313">
      <class name="com.comcast.hrm.createproj.emp.asssignproj.CreateProjEmpAssignProToEmp">
        <test-method is-config="true" signature="connectDatabse()[pri:0, instance:com.comcast.hrm.createproj.emp.asssignproj.CreateProjEmpAssignProToEmp@3daa422a]" started-at="2026-03-05T21:32:12 IST" name="connectDatabse" finished-at="2026-03-05T21:32:12 IST" duration-ms="12" status="PASS">
          <reporter-output>
          </reporter-output>
        </test-method> <!-- connectDatabse -->
        <test-method is-config="true" signature="launchBrowser()[pri:0, instance:com.comcast.hrm.createproj.emp.asssignproj.CreateProjEmpAssignProToEmp@3daa422a]" started-at="2026-03-05T21:32:12 IST" name="launchBrowser" finished-at="2026-03-05T21:33:00 IST" duration-ms="47247" status="PASS">
          <reporter-output>
          </reporter-output>
        </test-method> <!-- launchBrowser -->
        <test-method is-config="true" signature="login()[pri:0, instance:com.comcast.hrm.createproj.emp.asssignproj.CreateProjEmpAssignProToEmp@3daa422a]" started-at="2026-03-05T21:33:00 IST" name="login" finished-at="2026-03-05T21:33:01 IST" duration-ms="817" status="PASS">
          <reporter-output>
          </reporter-output>
        </test-method> <!-- login -->
        <test-method signature="createProjAndEmp()[pri:0, instance:com.comcast.hrm.createproj.emp.asssignproj.CreateProjEmpAssignProToEmp@3daa422a]" started-at="2026-03-05T21:33:01 IST" name="createProjAndEmp" finished-at="2026-03-05T21:33:10 IST" duration-ms="9920" status="PASS">
          <reporter-output>
          </reporter-output>
        </test-method> <!-- createProjAndEmp -->
        <test-method is-config="true" signature="logout()[pri:0, instance:com.comcast.hrm.createproj.emp.asssignproj.CreateProjEmpAssignProToEmp@3daa422a]" started-at="2026-03-05T21:33:11 IST" name="logout" finished-at="2026-03-05T21:33:11 IST" duration-ms="800" status="PASS">
          <reporter-output>
          </reporter-output>
        </test-method> <!-- logout -->
        <test-method is-config="true" signature="closeBrowser()[pri:0, instance:com.comcast.hrm.createproj.emp.asssignproj.CreateProjEmpAssignProToEmp@3daa422a]" started-at="2026-03-05T21:33:11 IST" name="closeBrowser" finished-at="2026-03-05T21:33:13 IST" duration-ms="1999" status="PASS">
          <reporter-output>
          </reporter-output>
        </test-method> <!-- closeBrowser -->
        <test-method is-config="true" signature="closeDbConnection()[pri:0, instance:com.comcast.hrm.createproj.emp.asssignproj.CreateProjEmpAssignProToEmp@3daa422a]" started-at="2026-03-05T21:33:14 IST" name="closeDbConnection" finished-at="2026-03-05T21:33:14 IST" duration-ms="1" status="PASS">
          <reporter-output>
          </reporter-output>
        </test-method> <!-- closeDbConnection -->
      </class> <!-- com.comcast.hrm.createproj.emp.asssignproj.CreateProjEmpAssignProToEmp -->
    </test> <!-- Default test -->
  </suite> <!-- Default suite -->
</testng-results>
