<?xml version="1.0" encoding="UTF-8"?>
<!-- Generated by org.testng.reporters.JUnitReportReporter -->
<testsuite hostname="Jai_Mata" failures="0" tests="1" name="com.comcast.hrm.createproj.emp.asssignproj.CreateProjEmpAssignProToEmp" time="5.809" errors="0" timestamp="2026-07-11T15:48:15 IST" skipped="0">
  <testcase classname="com.comcast.hrm.createproj.emp.asssignproj.CreateProjEmpAssignProToEmp" name="createProjAndEmp" time="5.809"/>
  <system-out/>
</testsuite> <!-- com.comcast.hrm.createproj.emp.asssignproj.CreateProjEmpAssignProToEmp -->
