<?xml version="1.0" encoding="UTF-8"?>
<!-- Generated by org.testng.reporters.JUnitReportReporter -->
<testsuite hostname="Jai_Mata" failures="0" tests="1" name="com.comcast.hrm.createproj.emp.asssignproj.CreateProjEmpAssignProToEmp" time="11.537" errors="0" timestamp="2026-03-05T21:33:14 IST" skipped="0">
  <testcase classname="com.comcast.hrm.createproj.emp.asssignproj.CreateProjEmpAssignProToEmp" name="createProjAndEmp" time="11.537"/>
  <system-out/>
</testsuite> <!-- com.comcast.hrm.createproj.emp.asssignproj.CreateProjEmpAssignProToEmp -->
